{
  "stats": {
    "suites": 1,
    "tests": 2,
    "passes": 2,
    "pending": 0,
    "failures": 0,
    "start": "2021-03-05T05:44:32.165Z",
    "end": "2021-03-05T05:44:35.846Z",
    "duration": 3681,
    "testsRegistered": 2,
    "passPercent": 100,
    "pendingPercent": 0,
    "other": 0,
    "hasOther": false,
    "skipped": 0,
    "hasSkipped": false
  },
  "results": [
    {
      "uuid": "93a1f5f8-a3b4-451e-be9a-db260ae310f6",
      "title": "",
      "fullFile": "cypress\\integration\\login.ts",
      "file": "cypress\\integration\\login.ts",
      "beforeHooks": [],
      "afterHooks": [],
      "tests": [],
      "suites": [
        {
          "uuid": "bd980ad0-680b-49ba-8d64-6c95fea742b4",
          "title": "All login Tests",
          "fullFile": "",
          "file": "",
          "beforeHooks": [],
          "afterHooks": [],
          "tests": [
            {
              "title": "Login Test - Valid Credential",
              "fullTitle": "All login Tests Login Test - Valid Credential",
              "timedOut": null,
              "duration": 948,
              "state": "passed",
              "speed": "slow",
              "pass": true,
              "fail": false,
              "pending": false,
              "context": null,
              "code": "loginpage.loginWithValidCredential('test', 'test');",
              "err": {},
              "uuid": "5d9d6c11-305c-4596-be0d-ed57363082a8",
              "parentUUID": "bd980ad0-680b-49ba-8d64-6c95fea742b4",
              "isHook": false,
              "skipped": false
            },
            {
              "title": "Login Test - Invalid Credential",
              "fullTitle": "All login Tests Login Test - Invalid Credential",
              "timedOut": null,
              "duration": 781,
              "state": "passed",
              "speed": "slow",
              "pass": true,
              "fail": false,
              "pending": false,
              "context": null,
              "code": "loginpage.loginWithInvalidCredential('abc', '123');",
              "err": {},
              "uuid": "0b53a04d-da8e-406c-8603-28de29f7bb7b",
              "parentUUID": "bd980ad0-680b-49ba-8d64-6c95fea742b4",
              "isHook": false,
              "skipped": false
            }
          ],
          "suites": [],
          "passes": [
            "5d9d6c11-305c-4596-be0d-ed57363082a8",
            "0b53a04d-da8e-406c-8603-28de29f7bb7b"
          ],
          "failures": [],
          "pending": [],
          "skipped": [],
          "duration": 1729,
          "root": false,
          "rootEmpty": false,
          "_timeout": 2000
        }
      ],
      "passes": [],
      "failures": [],
      "pending": [],
      "skipped": [],
      "duration": 0,
      "root": true,
      "rootEmpty": true,
      "_timeout": 2000
    }
  ],
  "meta": {
    "mocha": {
      "version": "7.0.1"
    },
    "mochawesome": {
      "options": {
        "quiet": false,
        "reportFilename": "mochawesome",
        "saveHtml": false,
        "saveJson": true,
        "consoleReporter": "spec",
        "useInlineDiffs": false,
        "code": true
      },
      "version": "6.2.2"
    },
    "marge": {
      "options": {
        "reportDir": "cypress/results/json",
        "overwrite": false,
        "html": false,
        "json": true
      },
      "version": "5.2.0"
    }
  }
}