{
  "stats": {
    "suites": 0,
    "tests": 2,
    "passes": 2,
    "pending": 0,
    "failures": 0,
    "start": "2021-03-05T05:44:17.304Z",
    "end": "2021-03-05T05:44:24.097Z",
    "duration": 6793,
    "testsRegistered": 2,
    "passPercent": 100,
    "pendingPercent": 0,
    "other": 0,
    "hasOther": false,
    "skipped": 0,
    "hasSkipped": false
  },
  "results": [
    {
      "uuid": "30b8aa00-d216-4a96-b652-d39d2d69d79c",
      "title": "",
      "fullFile": "cypress\\integration\\fileupload_download.ts",
      "file": "cypress\\integration\\fileupload_download.ts",
      "beforeHooks": [],
      "afterHooks": [],
      "tests": [
        {
          "title": "File upload Demo",
          "fullTitle": "File upload Demo",
          "timedOut": null,
          "duration": 4061,
          "state": "passed",
          "speed": "slow",
          "pass": true,
          "fail": false,
          "pending": false,
          "context": null,
          "code": "//cy.visit('https://filebin.net/')\n//cy.get('#fileField').attachFile('./photo.png')\ncy.visit('http://tinyupload.com');\ncy.get('[name=\"uploaded_file\"]').attachFile('photo.png');",
          "err": {},
          "uuid": "96933597-5df5-4a63-8ce4-58c50c18eb45",
          "parentUUID": "30b8aa00-d216-4a96-b652-d39d2d69d79c",
          "isHook": false,
          "skipped": false
        },
        {
          "title": "File download",
          "fullTitle": "File download",
          "timedOut": null,
          "duration": 364,
          "state": "passed",
          "speed": "slow",
          "pass": true,
          "fail": false,
          "pending": false,
          "context": null,
          "code": "cy.downloadFile('https://upload.wikimedia.org/wikipedia/en/a/a9/Example.jpg', 'mydownloads', 'example.jpg');",
          "err": {},
          "uuid": "5c226be9-c098-4408-8f5b-0c3ee8b61b40",
          "parentUUID": "30b8aa00-d216-4a96-b652-d39d2d69d79c",
          "isHook": false,
          "skipped": false
        }
      ],
      "suites": [],
      "passes": [
        "96933597-5df5-4a63-8ce4-58c50c18eb45",
        "5c226be9-c098-4408-8f5b-0c3ee8b61b40"
      ],
      "failures": [],
      "pending": [],
      "skipped": [],
      "duration": 4425,
      "root": true,
      "rootEmpty": false,
      "_timeout": 2000
    }
  ],
  "meta": {
    "mocha": {
      "version": "7.0.1"
    },
    "mochawesome": {
      "options": {
        "quiet": false,
        "reportFilename": "mochawesome",
        "saveHtml": false,
        "saveJson": true,
        "consoleReporter": "spec",
        "useInlineDiffs": false,
        "code": true
      },
      "version": "6.2.2"
    },
    "marge": {
      "options": {
        "reportDir": "cypress/results/json",
        "overwrite": false,
        "html": false,
        "json": true
      },
      "version": "5.2.0"
    }
  }
}