{
  "stats": {
    "suites": 0,
    "tests": 2,
    "passes": 2,
    "pending": 0,
    "failures": 0,
    "start": "2021-03-04T04:59:44.186Z",
    "end": "2021-03-04T04:59:49.195Z",
    "duration": 5009,
    "testsRegistered": 2,
    "passPercent": 100,
    "pendingPercent": 0,
    "other": 0,
    "hasOther": false,
    "skipped": 0,
    "hasSkipped": false
  },
  "results": [
    {
      "uuid": "0b55e47c-f087-454b-8cc2-5cfb61121f8d",
      "title": "",
      "fullFile": "cypress\\integration\\fileupload_download.ts",
      "file": "cypress\\integration\\fileupload_download.ts",
      "beforeHooks": [],
      "afterHooks": [],
      "tests": [
        {
          "title": "File upload Demo",
          "fullTitle": "File upload Demo",
          "timedOut": null,
          "duration": 2621,
          "state": "passed",
          "speed": "slow",
          "pass": true,
          "fail": false,
          "pending": false,
          "context": null,
          "code": "//cy.visit('https://filebin.net/')\n//cy.get('#fileField').attachFile('./photo.png')\ncy.visit('http://tinyupload.com');\ncy.get('[name=\"uploaded_file\"]').attachFile('photo.png');",
          "err": {},
          "uuid": "b2c5aad5-5103-40e5-8783-11967015a455",
          "parentUUID": "0b55e47c-f087-454b-8cc2-5cfb61121f8d",
          "isHook": false,
          "skipped": false
        },
        {
          "title": "File download",
          "fullTitle": "File download",
          "timedOut": null,
          "duration": 465,
          "state": "passed",
          "speed": "slow",
          "pass": true,
          "fail": false,
          "pending": false,
          "context": null,
          "code": "cy.downloadFile('https://upload.wikimedia.org/wikipedia/en/a/a9/Example.jpg', 'mydownloads', 'example.jpg');",
          "err": {},
          "uuid": "2b56a0ee-04f9-4093-b793-e0779f295783",
          "parentUUID": "0b55e47c-f087-454b-8cc2-5cfb61121f8d",
          "isHook": false,
          "skipped": false
        }
      ],
      "suites": [],
      "passes": [
        "b2c5aad5-5103-40e5-8783-11967015a455",
        "2b56a0ee-04f9-4093-b793-e0779f295783"
      ],
      "failures": [],
      "pending": [],
      "skipped": [],
      "duration": 3086,
      "root": true,
      "rootEmpty": false,
      "_timeout": 2000
    }
  ],
  "meta": {
    "mocha": {
      "version": "7.0.1"
    },
    "mochawesome": {
      "options": {
        "quiet": false,
        "reportFilename": "mochawesome",
        "saveHtml": false,
        "saveJson": true,
        "consoleReporter": "spec",
        "useInlineDiffs": false,
        "code": true
      },
      "version": "6.2.2"
    },
    "marge": {
      "options": {
        "reportDir": "cypress/results/json",
        "overwrite": false,
        "html": false,
        "json": true
      },
      "version": "5.2.0"
    }
  }
}