{
  "stats": {
    "suites": 1,
    "tests": 3,
    "passes": 3,
    "pending": 0,
    "failures": 0,
    "start": "2021-03-05T05:44:42.325Z",
    "end": "2021-03-05T05:44:42.448Z",
    "duration": 123,
    "testsRegistered": 3,
    "passPercent": 100,
    "pendingPercent": 0,
    "other": 0,
    "hasOther": false,
    "skipped": 0,
    "hasSkipped": false
  },
  "results": [
    {
      "uuid": "9a6ce734-3336-47c7-b991-0c021b00a5ab",
      "title": "",
      "fullFile": "cypress\\integration\\ReadWriteFile.spec.ts",
      "file": "cypress\\integration\\ReadWriteFile.spec.ts",
      "beforeHooks": [],
      "afterHooks": [],
      "tests": [],
      "suites": [
        {
          "uuid": "b602457c-3394-48a8-80e0-ef1544eed5ea",
          "title": "Read Write File Demo",
          "fullFile": "",
          "file": "",
          "beforeHooks": [],
          "afterHooks": [],
          "tests": [
            {
              "title": "read file using fixture",
              "fullTitle": "Read Write File Demo read file using fixture",
              "timedOut": null,
              "duration": 52,
              "state": "passed",
              "speed": "medium",
              "pass": true,
              "fail": false,
              "pending": false,
              "context": null,
              "code": "cy.fixture('example.json')\n    .its('name').should('eq', 'cypress');\ncy.log(this.data.name);\ncy.log(this.data.email);",
              "err": {},
              "uuid": "58929b32-5164-49a1-ba99-e90738480a30",
              "parentUUID": "b602457c-3394-48a8-80e0-ef1544eed5ea",
              "isHook": false,
              "skipped": false
            },
            {
              "title": "Read file using readfile cmd",
              "fullTitle": "Read Write File Demo Read file using readfile cmd",
              "timedOut": null,
              "duration": 24,
              "state": "passed",
              "speed": "fast",
              "pass": true,
              "fail": false,
              "pending": false,
              "context": null,
              "code": "cy.readFile('./cypress/fixtures/example.json')\n    .its('name').should('eq', 'cypress');",
              "err": {},
              "uuid": "f1c837c3-6d69-43e6-8718-e88801110227",
              "parentUUID": "b602457c-3394-48a8-80e0-ef1544eed5ea",
              "isHook": false,
              "skipped": false
            },
            {
              "title": "Write file demo",
              "fullTitle": "Read Write File Demo Write file demo",
              "timedOut": null,
              "duration": 21,
              "state": "passed",
              "speed": "fast",
              "pass": true,
              "fail": false,
              "pending": false,
              "context": null,
              "code": "cy.writeFile('./sample.txt', 'Hello I am writing cypress test data');\ncy.writeFile('sample.txt', '\\nThis is intersting', { flag: 'a+' });",
              "err": {},
              "uuid": "9ae129db-abd5-48e2-9a31-ce512dfaa484",
              "parentUUID": "b602457c-3394-48a8-80e0-ef1544eed5ea",
              "isHook": false,
              "skipped": false
            }
          ],
          "suites": [],
          "passes": [
            "58929b32-5164-49a1-ba99-e90738480a30",
            "f1c837c3-6d69-43e6-8718-e88801110227",
            "9ae129db-abd5-48e2-9a31-ce512dfaa484"
          ],
          "failures": [],
          "pending": [],
          "skipped": [],
          "duration": 97,
          "root": false,
          "rootEmpty": false,
          "_timeout": 2000
        }
      ],
      "passes": [],
      "failures": [],
      "pending": [],
      "skipped": [],
      "duration": 0,
      "root": true,
      "rootEmpty": true,
      "_timeout": 2000
    }
  ],
  "meta": {
    "mocha": {
      "version": "7.0.1"
    },
    "mochawesome": {
      "options": {
        "quiet": false,
        "reportFilename": "mochawesome",
        "saveHtml": false,
        "saveJson": true,
        "consoleReporter": "spec",
        "useInlineDiffs": false,
        "code": true
      },
      "version": "6.2.2"
    },
    "marge": {
      "options": {
        "reportDir": "cypress/results/json",
        "overwrite": false,
        "html": false,
        "json": true
      },
      "version": "5.2.0"
    }
  }
}