{
  "stats": {
    "suites": 1,
    "tests": 4,
    "passes": 4,
    "pending": 0,
    "failures": 0,
    "start": "2021-03-05T05:43:52.237Z",
    "end": "2021-03-05T05:43:54.593Z",
    "duration": 2356,
    "testsRegistered": 4,
    "passPercent": 100,
    "pendingPercent": 0,
    "other": 0,
    "hasOther": false,
    "skipped": 0,
    "hasSkipped": false
  },
  "results": [
    {
      "uuid": "e19fe74d-efd9-499e-9d9d-d364b19184c8",
      "title": "",
      "fullFile": "cypress\\integration\\api_test\\api_test_1.spc.js",
      "file": "cypress\\integration\\api_test\\api_test_1.spc.js",
      "beforeHooks": [],
      "afterHooks": [],
      "tests": [],
      "suites": [
        {
          "uuid": "240774d5-7568-46e3-b2ab-cb02b22920ea",
          "title": "All API tests",
          "fullFile": "",
          "file": "",
          "beforeHooks": [],
          "afterHooks": [],
          "tests": [
            {
              "title": "GET 1",
              "fullTitle": "All API tests GET 1",
              "timedOut": null,
              "duration": 531,
              "state": "passed",
              "speed": "slow",
              "pass": true,
              "fail": false,
              "pending": false,
              "context": null,
              "code": "cy.request('GET', '/users?page=2').then(function (response) {\n  expect(response).to.have.property('status', 200);\n  expect(response.status).to.equal(200);\n  expect(response.body).not.to.be[\"null\"];\n  expect(response.body).to.have.property('page', 2);\n  expect(response.body.data).to.have.length(6);\n});",
              "err": {},
              "uuid": "96c059d8-dd72-413a-96d1-8144b314b144",
              "parentUUID": "240774d5-7568-46e3-b2ab-cb02b22920ea",
              "isHook": false,
              "skipped": false
            },
            {
              "title": "POST 1",
              "fullTitle": "All API tests POST 1",
              "timedOut": null,
              "duration": 556,
              "state": "passed",
              "speed": "slow",
              "pass": true,
              "fail": false,
              "pending": false,
              "context": null,
              "code": "cy.request({\n  'method': 'POST',\n  'url': '/users',\n  body: {\n    \"name\": \"Usha\",\n    \"job\": \"IT\"\n  }\n}).then(function (response) {\n  expect(response).to.have.property('status', 201);\n  expect(response.status).to.equal(201);\n  expect(response.body).not.to.be[\"null\"];\n});",
              "err": {},
              "uuid": "c5e6c14c-d292-483f-b07e-7983d19ff283",
              "parentUUID": "240774d5-7568-46e3-b2ab-cb02b22920ea",
              "isHook": false,
              "skipped": false
            },
            {
              "title": "PUT 1",
              "fullTitle": "All API tests PUT 1",
              "timedOut": null,
              "duration": 642,
              "state": "passed",
              "speed": "slow",
              "pass": true,
              "fail": false,
              "pending": false,
              "context": null,
              "code": "cy.request({\n  'method': 'PUT',\n  'url': '/users/2',\n  body: {\n    \"name\": \"Ashaa\",\n    \"job\": \"IT\"\n  }\n}).then(function (response) {\n  expect(response).to.have.property('status', 200);\n  expect(response.status).to.equal(200);\n  expect(response.body).not.to.be[\"null\"];\n});",
              "err": {},
              "uuid": "cd5f5394-4733-4f27-88e4-c9482430557f",
              "parentUUID": "240774d5-7568-46e3-b2ab-cb02b22920ea",
              "isHook": false,
              "skipped": false
            },
            {
              "title": "DELETE 1",
              "fullTitle": "All API tests DELETE 1",
              "timedOut": null,
              "duration": 535,
              "state": "passed",
              "speed": "slow",
              "pass": true,
              "fail": false,
              "pending": false,
              "context": null,
              "code": "cy.request({\n  'method': 'DELETE',\n  'url': '/users/2'\n}).then(function (response) {\n  expect(response).to.have.property('status', 204);\n  expect(response.status).to.equal(204);\n  expect(response.body).not.to.be[\"null\"];\n});",
              "err": {},
              "uuid": "5e1e89f6-7491-43e3-97cd-b00c0f443281",
              "parentUUID": "240774d5-7568-46e3-b2ab-cb02b22920ea",
              "isHook": false,
              "skipped": false
            }
          ],
          "suites": [],
          "passes": [
            "96c059d8-dd72-413a-96d1-8144b314b144",
            "c5e6c14c-d292-483f-b07e-7983d19ff283",
            "cd5f5394-4733-4f27-88e4-c9482430557f",
            "5e1e89f6-7491-43e3-97cd-b00c0f443281"
          ],
          "failures": [],
          "pending": [],
          "skipped": [],
          "duration": 2264,
          "root": false,
          "rootEmpty": false,
          "_timeout": 2000
        }
      ],
      "passes": [],
      "failures": [],
      "pending": [],
      "skipped": [],
      "duration": 0,
      "root": true,
      "rootEmpty": true,
      "_timeout": 2000
    }
  ],
  "meta": {
    "mocha": {
      "version": "7.0.1"
    },
    "mochawesome": {
      "options": {
        "quiet": false,
        "reportFilename": "mochawesome",
        "saveHtml": false,
        "saveJson": true,
        "consoleReporter": "spec",
        "useInlineDiffs": false,
        "code": true
      },
      "version": "6.2.2"
    },
    "marge": {
      "options": {
        "reportDir": "cypress/results/json",
        "overwrite": false,
        "html": false,
        "json": true
      },
      "version": "5.2.0"
    }
  }
}